
 Performance counter stats for 'mpirun -n 8 --machinefile /home/lucas_romao_silva/MAC5742-0219-EP3/src/myhosts /home/lucas_romao_silva/MAC5742-0219-EP3/src/mandelbrot_mpi -2.5 -1.5 -2.0 2.0 11500' (10 runs):

        288.044045      task-clock (msec)         #    0.113 CPUs utilized            ( +-  3.90% )
               258      context-switches          #    0.895 K/sec                    ( +-  1.05% )
                 0      cpu-migrations            #    0.000 K/sec                  
             4,199      page-faults               #    0.015 M/sec                    ( +-  0.06% )
   <not supported>      cycles                   
   <not supported>      stalled-cycles-frontend  
   <not supported>      stalled-cycles-backend   
   <not supported>      instructions             
   <not supported>      branches                 
   <not supported>      branch-misses            

       2.544040335 seconds time elapsed                                          ( +-  2.50% )


 Performance counter stats for 'mpirun -n 8 --machinefile /home/lucas_romao_silva/MAC5742-0219-EP3/src/myhosts /home/lucas_romao_silva/MAC5742-0219-EP3/src/mandelbrot_mpi -2.5 -1.5 -2.0 2.0 11500' (10 runs):

        277.653548      task-clock (msec)         #    0.108 CPUs utilized            ( +-  2.14% )
               261      context-switches          #    0.939 K/sec                    ( +-  1.07% )
                 0      cpu-migrations            #    0.000 K/sec                  
             4,204      page-faults               #    0.015 M/sec                    ( +-  0.08% )
   <not supported>      cycles                   
   <not supported>      stalled-cycles-frontend  
   <not supported>      stalled-cycles-backend   
   <not supported>      instructions             
   <not supported>      branches                 
   <not supported>      branch-misses            

       2.573210965 seconds time elapsed                                          ( +-  2.52% )

