
 Performance counter stats for 'mpirun -n 8 --machinefile /home/lucas_romao_silva/MAC5742-0219-EP3/src/myhosts /home/lucas_romao_silva/MAC5742-0219-EP3/src/mandelbrot_mpi -2.5 1.5 -2.0 2.0 11500' (10 runs):

        558.419779      task-clock (msec)         #    0.045 CPUs utilized            ( +-  0.64% )
               180      context-switches          #    0.322 K/sec                    ( +-  1.17% )
                24      cpu-migrations            #    0.043 K/sec                    ( +-  7.80% )
             3,779      page-faults               #    0.007 M/sec                    ( +-  0.06% )
   <not supported>      cycles                   
   <not supported>      stalled-cycles-frontend  
   <not supported>      stalled-cycles-backend   
   <not supported>      instructions             
   <not supported>      branches                 
   <not supported>      branch-misses            

      12.539619145 seconds time elapsed                                          ( +-  1.25% )


 Performance counter stats for 'mpirun -n 8 --machinefile /home/lucas_romao_silva/MAC5742-0219-EP3/src/myhosts /home/lucas_romao_silva/MAC5742-0219-EP3/src/mandelbrot_mpi -2.5 1.5 -2.0 2.0 11500' (10 runs):

        558.068347      task-clock (msec)         #    0.043 CPUs utilized            ( +-  0.77% )
               175      context-switches          #    0.314 K/sec                    ( +-  1.14% )
                23      cpu-migrations            #    0.042 K/sec                    ( +-  3.84% )
             3,777      page-faults               #    0.007 M/sec                    ( +-  0.07% )
   <not supported>      cycles                   
   <not supported>      stalled-cycles-frontend  
   <not supported>      stalled-cycles-backend   
   <not supported>      instructions             
   <not supported>      branches                 
   <not supported>      branch-misses            

      13.074202845 seconds time elapsed                                          ( +-  1.21% )



 Performance counter stats for 'mpirun -n 8 --machinefile /home/lucas_romao_silva/MAC5742-0219-EP3/src/myhosts /home/lucas_romao_silva/MAC5742-0219-EP3/src/mandelbrot_mpi -2.5 1.5 -2.0 2.0 11500' (10 runs):

        570.633929      task-clock (msec)         #    0.047 CPUs utilized            ( +-  1.42% )
               172      context-switches          #    0.302 K/sec                    ( +-  1.28% )
                25      cpu-migrations            #    0.043 K/sec                    ( +-  4.94% )
             3,779      page-faults               #    0.007 M/sec                    ( +-  0.08% )
   <not supported>      cycles                   
   <not supported>      stalled-cycles-frontend  
   <not supported>      stalled-cycles-backend   
   <not supported>      instructions             
   <not supported>      branches                 
   <not supported>      branch-misses            

      12.200594351 seconds time elapsed                                          ( +-  0.46% )


 Performance counter stats for 'mpirun -n 8 --machinefile /home/lucas_romao_silva/MAC5742-0219-EP3/src/myhosts /home/lucas_romao_silva/MAC5742-0219-EP3/src/mandelbrot_mpi -2.5 1.5 -2.0 2.0 11500' (10 runs):

        562.843810      task-clock (msec)         #    0.045 CPUs utilized            ( +-  1.03% )
               176      context-switches          #    0.313 K/sec                    ( +-  0.78% )
                22      cpu-migrations            #    0.038 K/sec                    ( +-  4.29% )
             3,783      page-faults               #    0.007 M/sec                    ( +-  0.09% )
   <not supported>      cycles                   
   <not supported>      stalled-cycles-frontend  
   <not supported>      stalled-cycles-backend   
   <not supported>      instructions             
   <not supported>      branches                 
   <not supported>      branch-misses            

      12.409499770 seconds time elapsed                                          ( +-  1.14% )

 Performance counter stats for 'mpirun -n 8 --machinefile /home/lucas_romao_silva/MAC5742-0219-EP3/src/myhosts /home/lucas_romao_silva/MAC5742-0219-EP3/src/mandelbrot_mpi -2.5 1.5 -2.0 2.0 11500' (10 runs):

        548.465295      task-clock (msec)         #    0.047 CPUs utilized            ( +- 10.04% )
               160      context-switches          #    0.292 K/sec                    ( +-  8.10% )
                22      cpu-migrations            #    0.040 K/sec                    ( +-  8.14% )
             3,580      page-faults               #    0.007 M/sec                    ( +-  5.49% )
   <not supported>      cycles                   
   <not supported>      stalled-cycles-frontend  
   <not supported>      stalled-cycles-backend   
   <not supported>      instructions             
   <not supported>      branches                 
   <not supported>      branch-misses            

      11.645577021 seconds time elapsed                                          ( +- 10.37% )




 Performance counter stats for 'mpirun -n 8 --machinefile /home/lucas_romao_silva/MAC5742-0219-EP3/src/myhosts /home/lucas_romao_silva/MAC5742-0219-EP3/src/mandelbrot_mpi -2.5 1.5 -2.0 2.0 11500' (10 runs):

        558.401695      task-clock (msec)         #    0.044 CPUs utilized            ( +-  0.82% )
               178      context-switches          #    0.319 K/sec                    ( +-  1.10% )
                23      cpu-migrations            #    0.042 K/sec                    ( +-  5.65% )
             3,778      page-faults               #    0.007 M/sec                    ( +-  0.09% )
   <not supported>      cycles                   
   <not supported>      stalled-cycles-frontend  
   <not supported>      stalled-cycles-backend   
   <not supported>      instructions             
   <not supported>      branches                 
   <not supported>      branch-misses            

      12.711160715 seconds time elapsed                                          ( +-  1.08% )


 Performance counter stats for 'mpirun -n 8 --machinefile /home/lucas_romao_silva/MAC5742-0219-EP3/src/myhosts /home/lucas_romao_silva/MAC5742-0219-EP3/src/mandelbrot_mpi -2.5 1.5 -2.0 2.0 11500' (10 runs):

        591.052885      task-clock (msec)         #    0.046 CPUs utilized            ( +-  4.43% )
               176      context-switches          #    0.299 K/sec                    ( +-  0.65% )
                25      cpu-migrations            #    0.042 K/sec                    ( +-  2.39% )
             3,779      page-faults               #    0.006 M/sec                    ( +-  0.08% )
   <not supported>      cycles                   
   <not supported>      stalled-cycles-frontend  
   <not supported>      stalled-cycles-backend   
   <not supported>      instructions             
   <not supported>      branches                 
   <not supported>      branch-misses            

      12.721087322 seconds time elapsed                                          ( +-  1.10% )


 Performance counter stats for 'mpirun -n 8 --machinefile /home/lucas_romao_silva/MAC5742-0219-EP3/src/myhosts /home/lucas_romao_silva/MAC5742-0219-EP3/src/mandelbrot_mpi -2.5 1.5 -2.0 2.0 11500' (10 runs):

        562.644627      task-clock (msec)         #    0.045 CPUs utilized            ( +-  0.74% )
               178      context-switches          #    0.317 K/sec                    ( +-  1.20% )
                24      cpu-migrations            #    0.042 K/sec                    ( +-  4.05% )
             3,776      page-faults               #    0.007 M/sec                    ( +-  0.08% )
   <not supported>      cycles                   
   <not supported>      stalled-cycles-frontend  
   <not supported>      stalled-cycles-backend   
   <not supported>      instructions             
   <not supported>      branches                 
   <not supported>      branch-misses            

      12.516877957 seconds time elapsed                                          ( +-  0.79% )


 Performance counter stats for 'mpirun -n 8 --machinefile /home/lucas_romao_silva/MAC5742-0219-EP3/src/myhosts /home/lucas_romao_silva/MAC5742-0219-EP3/src/mandelbrot_mpi -2.5 1.5 -2.0 2.0 11500' (10 runs):

        566.143711      task-clock (msec)         #    0.046 CPUs utilized            ( +-  0.68% )
               177      context-switches          #    0.312 K/sec                    ( +-  0.68% )
                23      cpu-migrations            #    0.041 K/sec                    ( +-  4.58% )
             3,782      page-faults               #    0.007 M/sec                    ( +-  0.06% )
   <not supported>      cycles                   
   <not supported>      stalled-cycles-frontend  
   <not supported>      stalled-cycles-backend   
   <not supported>      instructions             
   <not supported>      branches                 
   <not supported>      branch-misses            

      12.223660407 seconds time elapsed                                          ( +-  0.56% )



 Performance counter stats for 'mpirun -n 8 --machinefile /home/lucas_romao_silva/MAC5742-0219-EP3/src/myhosts /home/lucas_romao_silva/MAC5742-0219-EP3/src/mandelbrot_mpi -2.5 1.5 -2.0 2.0 11500' (10 runs):

        559.380500      task-clock (msec)         #    0.042 CPUs utilized            ( +-  0.84% )
               176      context-switches          #    0.315 K/sec                    ( +-  0.96% )
                22      cpu-migrations            #    0.039 K/sec                    ( +-  5.03% )
             3,778      page-faults               #    0.007 M/sec                    ( +-  0.06% )
   <not supported>      cycles                   
   <not supported>      stalled-cycles-frontend  
   <not supported>      stalled-cycles-backend   
   <not supported>      instructions             
   <not supported>      branches                 
   <not supported>      branch-misses            

      13.360387516 seconds time elapsed                                          ( +-  1.37% )

