
 Performance counter stats for 'mpirun -np 8 --machinefile /home/lucas_romao_silva/MAC5742-0219-EP3/src/myhosts /home/lucas_romao_silva/MAC5742-0219-EP3/src/mandelbrot_mpi -2.5 1.5 -2.0 2.0 11500 --allowrun-as-root' (10 runs):

      12721.754440      task-clock (msec)         #    1.017 CPUs utilized            ( +-  0.47% )
               200      context-switches          #    0.016 K/sec                    ( +-  1.22% )
                23      cpu-migrations            #    0.002 K/sec                    ( +-  4.62% )
             4,910      page-faults               #    0.386 K/sec                    ( +-  0.06% )
   <not supported>      cycles                   
   <not supported>      stalled-cycles-frontend  
   <not supported>      stalled-cycles-backend   
   <not supported>      instructions             
   <not supported>      branches                 
   <not supported>      branch-misses            

      12.506573192 seconds time elapsed                                          ( +-  1.28% )


 Performance counter stats for 'mpirun -np 8 --machinefile /home/lucas_romao_silva/MAC5742-0219-EP3/src/myhosts /home/lucas_romao_silva/MAC5742-0219-EP3/src/mandelbrot_mpi -2.5 1.5 -2.0 2.0 11500 --allowrun-as-root' (10 runs):

      12688.102094      task-clock (msec)         #    1.009 CPUs utilized            ( +-  0.95% )
               199      context-switches          #    0.016 K/sec                    ( +-  1.80% )
                23      cpu-migrations            #    0.002 K/sec                    ( +-  5.90% )
             4,911      page-faults               #    0.387 K/sec                    ( +-  0.09% )
   <not supported>      cycles                   
   <not supported>      stalled-cycles-frontend  
   <not supported>      stalled-cycles-backend   
   <not supported>      instructions             
   <not supported>      branches                 
   <not supported>      branch-misses            

      12.575246003 seconds time elapsed                                          ( +-  1.14% )


 Performance counter stats for 'mpirun -np 8 --machinefile /home/lucas_romao_silva/MAC5742-0219-EP3/src/myhosts /home/lucas_romao_silva/MAC5742-0219-EP3/src/mandelbrot_mpi -2.5 1.5 -2.0 2.0 11500 --allowrun-as-root' (10 runs):

      12671.733555      task-clock (msec)         #    1.083 CPUs utilized            ( +-  0.60% )
               196      context-switches          #    0.015 K/sec                    ( +-  1.35% )
                23      cpu-migrations            #    0.002 K/sec                    ( +-  5.42% )
             4,912      page-faults               #    0.388 K/sec                    ( +-  0.05% )
   <not supported>      cycles                   
   <not supported>      stalled-cycles-frontend  
   <not supported>      stalled-cycles-backend   
   <not supported>      instructions             
   <not supported>      branches                 
   <not supported>      branch-misses            

      11.704606914 seconds time elapsed                                          ( +-  0.81% )

 Performance counter stats for 'mpirun -np 8 --machinefile /home/lucas_romao_silva/MAC5742-0219-EP3/src/myhosts /home/lucas_romao_silva/MAC5742-0219-EP3/src/mandelbrot_mpi -2.5 1.5 -2.0 2.0 11500 --allowrun-as-root' (10 runs):

      10304.881119      task-clock (msec)         #    0.997 CPUs utilized            ( +- 16.64% )
               162      context-switches          #    0.016 K/sec                    ( +- 14.69% )
                19      cpu-migrations            #    0.002 K/sec                    ( +- 18.47% )
             4,163      page-faults               #    0.404 K/sec                    ( +- 12.03% )
   <not supported>      cycles                   
   <not supported>      stalled-cycles-frontend  
   <not supported>      stalled-cycles-backend   
   <not supported>      instructions             
   <not supported>      branches                 
   <not supported>      branch-misses            

      10.332145191 seconds time elapsed                                          ( +- 14.76% )



 Performance counter stats for 'mpirun -np 8 --machinefile /home/lucas_romao_silva/MAC5742-0219-EP3/src/myhosts /home/lucas_romao_silva/MAC5742-0219-EP3/src/mandelbrot_mpi -2.5 1.5 -2.0 2.0 11500 --allowrun-as-root' (10 runs):

      12811.673506      task-clock (msec)         #    1.076 CPUs utilized            ( +-  0.79% )
               198      context-switches          #    0.015 K/sec                    ( +-  0.74% )
                21      cpu-migrations            #    0.002 K/sec                    ( +-  5.43% )
             4,908      page-faults               #    0.383 K/sec                    ( +-  0.08% )
   <not supported>      cycles                   
   <not supported>      stalled-cycles-frontend  
   <not supported>      stalled-cycles-backend   
   <not supported>      instructions             
   <not supported>      branches                 
   <not supported>      branch-misses            

      11.910160105 seconds time elapsed                                          ( +-  0.59% )


 Performance counter stats for 'mpirun -np 8 --machinefile /home/lucas_romao_silva/MAC5742-0219-EP3/src/myhosts /home/lucas_romao_silva/MAC5742-0219-EP3/src/mandelbrot_mpi -2.5 1.5 -2.0 2.0 11500 --allowrun-as-root' (10 runs):

      12554.905615      task-clock (msec)         #    1.045 CPUs utilized            ( +-  0.61% )
               195      context-switches          #    0.016 K/sec                    ( +-  0.53% )
                21      cpu-migrations            #    0.002 K/sec                    ( +-  6.64% )
             4,914      page-faults               #    0.391 K/sec                    ( +-  0.06% )
   <not supported>      cycles                   
   <not supported>      stalled-cycles-frontend  
   <not supported>      stalled-cycles-backend   
   <not supported>      instructions             
   <not supported>      branches                 
   <not supported>      branch-misses            

      12.009633699 seconds time elapsed                                          ( +-  0.88% )


 Performance counter stats for 'mpirun -np 8 --machinefile /home/lucas_romao_silva/MAC5742-0219-EP3/src/myhosts /home/lucas_romao_silva/MAC5742-0219-EP3/src/mandelbrot_mpi -2.5 1.5 -2.0 2.0 11500 --allowrun-as-root' (10 runs):

      12784.415061      task-clock (msec)         #    1.080 CPUs utilized            ( +-  0.53% )
               202      context-switches          #    0.016 K/sec                    ( +-  1.40% )
                20      cpu-migrations            #    0.002 K/sec                    ( +-  6.41% )
             4,919      page-faults               #    0.385 K/sec                    ( +-  0.05% )
   <not supported>      cycles                   
   <not supported>      stalled-cycles-frontend  
   <not supported>      stalled-cycles-backend   
   <not supported>      instructions             
   <not supported>      branches                 
   <not supported>      branch-misses            

      11.840291202 seconds time elapsed                                          ( +-  1.02% )


 Performance counter stats for 'mpirun -np 8 --machinefile /home/lucas_romao_silva/MAC5742-0219-EP3/src/myhosts /home/lucas_romao_silva/MAC5742-0219-EP3/src/mandelbrot_mpi -2.5 1.5 -2.0 2.0 11500 --allowrun-as-root' (10 runs):

      12810.632408      task-clock (msec)         #    1.084 CPUs utilized            ( +-  0.49% )
               198      context-switches          #    0.015 K/sec                    ( +-  1.58% )
                21      cpu-migrations            #    0.002 K/sec                    ( +-  6.45% )
             4,909      page-faults               #    0.383 K/sec                    ( +-  0.06% )
   <not supported>      cycles                   
   <not supported>      stalled-cycles-frontend  
   <not supported>      stalled-cycles-backend   
   <not supported>      instructions             
   <not supported>      branches                 
   <not supported>      branch-misses            

      11.818783176 seconds time elapsed                                          ( +-  0.98% )


 Performance counter stats for 'mpirun -np 8 --machinefile /home/lucas_romao_silva/MAC5742-0219-EP3/src/myhosts /home/lucas_romao_silva/MAC5742-0219-EP3/src/mandelbrot_mpi -2.5 1.5 -2.0 2.0 11500 --allowrun-as-root' (10 runs):

      12759.836790      task-clock (msec)         #    1.064 CPUs utilized            ( +-  0.73% )
               198      context-switches          #    0.015 K/sec                    ( +-  1.88% )
                19      cpu-migrations            #    0.002 K/sec                    ( +-  5.17% )
             4,906      page-faults               #    0.384 K/sec                    ( +-  0.04% )
   <not supported>      cycles                   
   <not supported>      stalled-cycles-frontend  
   <not supported>      stalled-cycles-backend   
   <not supported>      instructions             
   <not supported>      branches                 
   <not supported>      branch-misses            

      11.986751358 seconds time elapsed                                          ( +-  1.32% )


 Performance counter stats for 'mpirun -np 8 --machinefile /home/lucas_romao_silva/MAC5742-0219-EP3/src/myhosts /home/lucas_romao_silva/MAC5742-0219-EP3/src/mandelbrot_mpi -2.5 1.5 -2.0 2.0 11500 --allowrun-as-root' (10 runs):

      12685.453940      task-clock (msec)         #    1.073 CPUs utilized            ( +-  0.75% )
               196      context-switches          #    0.015 K/sec                    ( +-  1.35% )
                20      cpu-migrations            #    0.002 K/sec                    ( +-  6.49% )
             4,914      page-faults               #    0.387 K/sec                    ( +-  0.04% )
   <not supported>      cycles                   
   <not supported>      stalled-cycles-frontend  
   <not supported>      stalled-cycles-backend   
   <not supported>      instructions             
   <not supported>      branches                 
   <not supported>      branch-misses            

      11.820818856 seconds time elapsed                                          ( +-  1.07% )

